-------------------------------------------------------------------------------
Test set: testRunner.TestRunner
-------------------------------------------------------------------------------
Tests run: 1, Failures: 0, Errors: 1, Skipped: 0, Time elapsed: 4.935 s <<< FAILURE! - in testRunner.TestRunner
Take survey demo.User answer the survey  Time elapsed: 1.975 s  <<< ERROR!
io.cucumber.junit.UndefinedStepException: 
The step 'User go to survey page' and 10 other step(s) are undefined.
You can implement these steps using the snippet(s) below:

@Given("User go to survey page")
public void user_go_to_survey_page() {
    // Write code here that turns the phrase above into concrete actions
    throw new io.cucumber.java.PendingException();
}
@When("User select {string}")
public void user_select(String string) {
    // Write code here that turns the phrase above into concrete actions
    throw new io.cucumber.java.PendingException();
}
@When("User submit the answer")
public void user_submit_the_answer() {
    // Write code here that turns the phrase above into concrete actions
    throw new io.cucumber.java.PendingException();
}
@Then("User should see {string} message")
public void user_should_see_message(String string) {
    // Write code here that turns the phrase above into concrete actions
    throw new io.cucumber.java.PendingException();
}
@When("User go to previous page")
public void user_go_to_previous_page() {
    // Write code here that turns the phrase above into concrete actions
    throw new io.cucumber.java.PendingException();
}
@Then("Button {string} should be clicked")
public void button_should_be_clicked(String string) {
    // Write code here that turns the phrase above into concrete actions
    throw new io.cucumber.java.PendingException();
}
@Then("Button {string} should not be clicked")
public void button_should_not_be_clicked(String string) {
    // Write code here that turns the phrase above into concrete actions
    throw new io.cucumber.java.PendingException();
}


