<?xml version="1.0" encoding="UTF-8"?>
<testsuite xmlns:xsi="http://www.w3.org/2001/XMLSchema-instance" xsi:noNamespaceSchemaLocation="https://maven.apache.org/surefire/maven-failsafe-plugin/xsd/failsafe-test-report-3.0.xsd" version="3.0" name="testRunner.TestRunner" time="4.935" tests="1" errors="1" skipped="0" failures="0">
  <properties>
[...]
</properties>
  <testcase name="User answer the survey" classname="Take survey demo" time="1.975">
    <error type="io.cucumber.junit.UndefinedStepException"><![CDATA[io.cucumber.junit.UndefinedStepException: 
The step 'User go to survey page' and 10 other step(s) are undefined.
You can implement these steps using the snippet(s) below:

@Given("User go to survey page")
public void user_go_to_survey_page() {
    // Write code here that turns the phrase above into concrete actions
    throw new io.cucumber.java.PendingException();
}
@When("User select {string}")
public void user_select(String string) {
    // Write code here that turns the phrase above into concrete actions
    throw new io.cucumber.java.PendingException();
}
@When("User submit the answer")
public void user_submit_the_answer() {
    // Write code here that turns the phrase above into concrete actions
    throw new io.cucumber.java.PendingException();
}
@Then("User should see {string} message")
public void user_should_see_message(String string) {
    // Write code here that turns the phrase above into concrete actions
    throw new io.cucumber.java.PendingException();
}
@When("User go to previous page")
public void user_go_to_previous_page() {
    // Write code here that turns the phrase above into concrete actions
    throw new io.cucumber.java.PendingException();
}
@Then("Button {string} should be clicked")
public void button_should_be_clicked(String string) {
    // Write code here that turns the phrase above into concrete actions
    throw new io.cucumber.java.PendingException();
}
@Then("Button {string} should not be clicked")
public void button_should_not_be_clicked(String string) {
    // Write code here that turns the phrase above into concrete actions
    throw new io.cucumber.java.PendingException();
}

]]></error>
    <system-out><![CDATA[23:24:49.286 [main] DEBUG net.thucydides.core.util.PropertiesFileLocalPreferences - headless.mode=false
23:24:49.291 [main] DEBUG net.thucydides.core.util.PropertiesFileLocalPreferences - environments.default.webdriver.base.url=https://www.surveymonkey.com/r/9MVSPYS
23:24:49.291 [main] DEBUG net.thucydides.core.util.PropertiesFileLocalPreferences - chrome.switches=--start-maximized; --disable-download-notification; --disable-gpu
23:24:49.291 [main] DEBUG net.thucydides.core.util.PropertiesFileLocalPreferences - serenity.take.screenshots=FOR_EACH_ACTION
23:24:50.226 [main] INFO io.cucumber.core.plugin.SerenityReporter - Running feature from file:///W:/Test_Projects/serenity_demo_survey/src/test/resources/features/Survey.feature
23:24:50.646 [main] DEBUG net.thucydides.core.util.PropertiesFileLocalPreferences - headless.mode=false
23:24:50.646 [main] DEBUG net.thucydides.core.util.PropertiesFileLocalPreferences - environments.default.webdriver.base.url=https://www.surveymonkey.com/r/9MVSPYS
23:24:50.646 [main] DEBUG net.thucydides.core.util.PropertiesFileLocalPreferences - chrome.switches=--start-maximized; --disable-download-notification; --disable-gpu
23:24:50.646 [main] DEBUG net.thucydides.core.util.PropertiesFileLocalPreferences - serenity.take.screenshots=FOR_EACH_ACTION
23:24:50.656 [main] INFO  - 

-------------------------------------------------------------------------------------
     _______. _______ .______       _______ .__   __.  __  .___________.____    ____ 
    /       ||   ____||   _  \     |   ____||  \ |  | |  | |           |\   \  /   / 
   |   (----`|  |__   |  |_)  |    |  |__   |   \|  | |  | `---|  |----` \   \/   /  
    \   \    |   __|  |      /     |   __|  |  . `  | |  |     |  |       \_    _/   
.----)   |   |  |____ |  |\  \----.|  |____ |  |\   | |  |     |  |         |  |     
|_______/    |_______|| _| `._____||_______||__| \__| |__|     |__|         |__|    
                                                                                     
 News and tutorials at http://www.serenity-bdd.info                                  
 Documentation at https://wakaleo.gitbooks.io/the-serenity-book/content/             
 Join the Serenity Community on Gitter: https://gitter.im/serenity-bdd/serenity-core 
 Serenity BDD Support and Training at http://serenity-bdd.info/#/trainingandsupport  
-------------------------------------------------------------------------------------

23:24:50.661 [main] DEBUG net.thucydides.core.steps.StepEventBus - Test suite started for story net.thucydides.core.model.Story@beecd652
23:24:50.686 [main] INFO  - Test Suite Started: Take survey demo

Scenario: User answer the survey                  &amp#27;[90m# src/test/resources/features/Survey.feature:3&amp#27;[0m
23:24:51.166 [main] INFO io.cucumber.core.plugin.SerenityReporter - Running feature from file:///W:/Test_Projects/serenity_demo_survey/src/test/resources/features/Survey.feature
23:24:51.966 [main] INFO  - 
  _____   ___   ___   _____     ___   _____     _     ___   _____   ___   ___  
 |_   _| | __| / __| |_   _|   / __| |_   _|   /_\   | _ \ |_   _| | __| |   \ 
   | |   | _|  \__ \   | |     \__ \   | |    / _ \  |   /   | |   | _|  | |) |
   |_|   |___| |___/   |_|     |___/   |_|   /_/ \_\ |_|_\   |_|   |___| |___/ 

User answer the survey(take-survey-demo;user-answer-the-survey)
--------------------------------------------------------------------------------
23:24:51.966 [main] INFO net.thucydides.core.model.TestOutcome - SetUserStory Take survey demo
23:24:51.996 [main] INFO net.thucydides.core.model.TestOutcome - SetUserStory Take survey demo
23:24:52.131 [main] DEBUG net.thucydides.core.requirements.model.cucumber.CucumberParser - Added feature Take survey demo
  &amp#27;[33mGiven &amp#27;[0m&amp#27;[33mUser go to survey page&amp#27;[0m                    &amp#27;[90m# null&amp#27;[0m
  &amp#27;[36mWhen &amp#27;[0m&amp#27;[36mUser select "Good"&amp#27;[0m                         &amp#27;[90m# null&amp#27;[0m
  &amp#27;[36mAnd &amp#27;[0m&amp#27;[36mUser submit the answer&amp#27;[0m                      &amp#27;[90m# null&amp#27;[0m
  &amp#27;[36mThen &amp#27;[0m&amp#27;[36mUser should see "Have a nice day." message&amp#27;[0m &amp#27;[90m# null&amp#27;[0m
  &amp#27;[36mWhen &amp#27;[0m&amp#27;[36mUser go to previous page&amp#27;[0m                   &amp#27;[90m# null&amp#27;[0m
  &amp#27;[36mThen &amp#27;[0m&amp#27;[36mButton "Good" should be clicked&amp#27;[0m            &amp#27;[90m# null&amp#27;[0m
  &amp#27;[36mAnd &amp#27;[0m&amp#27;[36mButton "Bad" should not be clicked&amp#27;[0m          &amp#27;[90m# null&amp#27;[0m
  &amp#27;[36mAnd &amp#27;[0m&amp#27;[36mButton "Okay" should not be clicked&amp#27;[0m         &amp#27;[90m# null&amp#27;[0m
  &amp#27;[36mWhen &amp#27;[0m&amp#27;[36mUser select "Bad"&amp#27;[0m                          &amp#27;[90m# null&amp#27;[0m
  &amp#27;[36mAnd &amp#27;[0m&amp#27;[36mUser submit the answer&amp#27;[0m                      &amp#27;[90m# null&amp#27;[0m
  &amp#27;[36mThen &amp#27;[0m&amp#27;[36mUser should see "Have a nice day." message&amp#27;[0m &amp#27;[90m# null&amp#27;[0m
23:24:52.491 [main] INFO  - 
  _____   ___   ___   _____     ___   ___   _  _   ___    ___   _  _    ___ 
 |_   _| | __| / __| |_   _|   | _ \ | __| | \| | |   \  |_ _| | \| |  / __|
   | |   | _|  \__ \   | |     |  _/ | _|  | .` | | |) |  | |  | .` | | (_ |
   |_|   |___| |___/   |_|     |_|   |___| |_|\_| |___/  |___| |_|\_|  \___|

User answer the survey
-----------------------------------------------------------------------------
]]></system-out>
  </testcase>
</testsuite>